
Executing (default): SELECT `id`, `user_id`, `follow_id`, `follow_name`, `follow_pic`, `createdAt`, `updatedAt` FROM `sc_follows` AS `sc_follow` WHERE `sc_follow`.`user_id` = 1;
Executing (default): SELECT `id`, `user_name`, `password`, `is_admin`, `img`, `is_active`, `name`, `city`, `sex`, `createdAt`, `updatedAt` FROM `sc_Users` AS `sc_User` WHERE (`sc_User`.`user_name` LIKE '%a%' OR `sc_User`.`name` LIKE '%a%');
Executing (default): SELECT `id`, `user_name`, `password`, `is_admin`, `img`, `is_active`, `name`, `city`, `sex` FROM `sc_Users` AS `sc_User` LIMIT 1;
Executing (default): SELECT `id`, `user_id`, `follow_id`, `follow_name`, `follow_pic`, `createdAt`, `updatedAt` FROM `sc_follows` AS `sc_follow`;
Executing (default): SELECT `id`, `user_id`, `follow_id`, `follow_name`, `follow_pic`, `createdAt`, `updatedAt` FROM `sc_follows` AS `sc_follow` WHERE `sc_follow`.`user_id` = 1;
Executing (default): SELECT `id`, `user_name`, `password`, `is_admin`, `img`, `is_active`, `name`, `city`, `sex` FROM `sc_Users` AS `sc_User` LIMIT 1;
Executing (default): SELECT `id`, `user_id`, `follow_id`, `follow_name`, `follow_pic`, `createdAt`, `updatedAt` FROM `sc_follows` AS `sc_follow`;
Executing (default): SELECT `id`, `user_id`, `follow_id`, `follow_name`, `follow_pic`, `createdAt`, `updatedAt` FROM `sc_follows` AS `sc_follow` WHERE `sc_follow`.`user_id` = 1;
Executing (default): SELECT `id`, `user_id`, `follow_id`, `follow_name`, `follow_pic`, `createdAt`, `updatedAt` FROM `sc_follows` AS `sc_follow` WHERE `sc_follow`.`follow_id` = 1;
Executing (default): SELECT `id`, `user_name`, `password`, `is_admin`, `img`, `is_active`, `name`, `city`, `sex` FROM `sc_Users` AS `sc_User` WHERE `sc_User`.`user_name` = 'cos';
Executing (default): SELECT `id`, `user_name`, `password`, `is_admin`, `img`, `is_active`, `name`, `city`, `sex` FROM `sc_Users` AS `sc_User` WHERE `sc_User`.`user_name` = 'cos';
Executing (default): SELECT `id`, `user_id`, `follow_id`, `follow_name`, `follow_pic`, `createdAt`, `updatedAt` FROM `sc_follows` AS `sc_follow` WHERE `sc_follow`.`user_id` = 1;
Executing (default): SELECT `id`, `user_name`, `password`, `is_admin`, `img`, `is_active`, `name`, `city`, `sex` FROM `sc_Users` AS `sc_User` WHERE `sc_User`.`id` = 1;
Executing (default): INSERT INTO `sc_follows` (`id`,`user_id`,`follow_id`,`follow_name`,`follow_pic`,`createdAt`,`updatedAt`) VALUES (DEFAULT,?,?,?,?,?,?);
Executing (default): SELECT `id`, `user_name`, `password`, `is_admin`, `img`, `is_active`, `name`, `city`, `sex` FROM `sc_Users` AS `sc_User` WHERE `sc_User`.`id` = '1';
Executing (default): SELECT `id`, `user_id`, `follow_id`, `follow_name`, `follow_pic`, `createdAt`, `updatedAt` FROM `sc_follows` AS `sc_follow` WHERE `sc_follow`.`user_id` = '1';
Executing (default): SELECT `id`, `user_id`, `follow_id`, `follow_name`, `follow_pic`, `createdAt`, `updatedAt` FROM `sc_follows` AS `sc_follow` WHERE `sc_follow`.`user_id` = 1;
Executing (default): SELECT `id`, `user_id`, `follow_id`, `follow_name`, `follow_pic`, `createdAt`, `updatedAt` FROM `sc_follows` AS `sc_follow` WHERE `sc_follow`.`follow_id` = 1;
Executing (default): SELECT `id`, `user_name`, `password`, `is_admin`, `img`, `is_active`, `name`, `city`, `sex` FROM `sc_Users` AS `sc_User` WHERE `sc_User`.`user_name` = 'admin';
Executing (default): SELECT `id`, `user_name`, `password`, `is_admin`, `img`, `is_active`, `name`, `city`, `sex` FROM `sc_Users` AS `sc_User` WHERE `sc_User`.`user_name` = 'admin';
Executing (default): SELECT `id`, `user_name`, `password`, `is_admin`, `img`, `is_active`, `name`, `city`, `sex` FROM `sc_Users` AS `sc_User` WHERE `sc_User`.`id` = '1';
Executing (default): SELECT `id`, `user_id`, `follow_id`, `follow_name`, `follow_pic`, `createdAt`, `updatedAt` FROM `sc_follows` AS `sc_follow` WHERE `sc_follow`.`user_id` = '1';
Executing (default): SELECT `id`, `user_id`, `follow_id`, `follow_name`, `follow_pic`, `createdAt`, `updatedAt` FROM `sc_follows` AS `sc_follow` WHERE `sc_follow`.`user_id` = 1;
Executing (default): SELECT `id`, `user_id`, `follow_id`, `follow_name`, `follow_pic`, `createdAt`, `updatedAt` FROM `sc_follows` AS `sc_follow` WHERE `sc_follow`.`follow_id` = 1;
Executing (default): SELECT `id`, `user_name`, `password`, `is_admin`, `img`, `is_active`, `name`, `city`, `sex` FROM `sc_Users` AS `sc_User` WHERE `sc_User`.`id` = '1';
Executing (default): SELECT `id`, `user_id`, `follow_id`, `follow_name`, `follow_pic`, `createdAt`, `updatedAt` FROM `sc_follows` AS `sc_follow` WHERE `sc_follow`.`user_id` = '1';
Executing (default): SELECT `id`, `user_id`, `follow_id`, `follow_name`, `follow_pic`, `createdAt`, `updatedAt` FROM `sc_follows` AS `sc_follow` WHERE `sc_follow`.`user_id` = 1;
Executing (default): SELECT `id`, `user_id`, `follow_id`, `follow_name`, `follow_pic`, `createdAt`, `updatedAt` FROM `sc_follows` AS `sc_follow` WHERE `sc_follow`.`follow_id` = 1;
Executing (default): SELECT `id`, `user_name`, `password`, `is_admin`, `img`, `is_active`, `name`, `city`, `sex` FROM `sc_Users` AS `sc_User` WHERE `sc_User`.`id` = '2';
Executing (default): SELECT `id`, `user_id`, `follow_id`, `follow_name`, `follow_pic`, `createdAt`, `updatedAt` FROM `sc_follows` AS `sc_follow` WHERE `sc_follow`.`user_id` = '2';
Executing (default): SELECT `id`, `user_id`, `follow_id`, `follow_name`, `follow_pic`, `createdAt`, `updatedAt` FROM `sc_follows` AS `sc_follow` WHERE `sc_follow`.`user_id` = 1;
Executing (default): SELECT `id`, `user_id`, `follow_id`, `follow_name`, `follow_pic`, `createdAt`, `updatedAt` FROM `sc_follows` AS `sc_follow` WHERE `sc_follow`.`follow_id` = 1;
Executing (default): SELECT `id`, `user_id`, `follow_id`, `follow_name`, `follow_pic`, `createdAt`, `updatedAt` FROM `sc_follows` AS `sc_follow` WHERE `sc_follow`.`user_id` = 1;
Executing (default): SELECT `id`, `user_name`, `password`, `is_admin`, `img`, `is_active`, `name`, `city`, `sex` FROM `sc_Users` AS `sc_User` WHERE `sc_User`.`id` = 2;
Executing (default): INSERT INTO `sc_follows` (`id`,`user_id`,`follow_id`,`follow_name`,`follow_pic`,`createdAt`,`updatedAt`) VALUES (DEFAULT,?,?,?,?,?,?);
Executing (default): SELECT `id`, `user_id`, `follow_id`, `follow_name`, `follow_pic`, `createdAt`, `updatedAt` FROM `sc_follows` AS `sc_follow` WHERE `sc_follow`.`user_id` = 1;
Executing (default): SELECT `id`, `user_id`, `follow_id`, `follow_name`, `follow_pic`, `createdAt`, `updatedAt` FROM `sc_follows` AS `sc_follow` WHERE `sc_follow`.`user_id` = 1;
Executing (default): SELECT `id`, `user_name`, `password`, `is_admin`, `img`, `is_active`, `name`, `city`, `sex` FROM `sc_Users` AS `sc_User` WHERE `sc_User`.`id` = 5;
Executing (default): INSERT INTO `sc_follows` (`id`,`user_id`,`follow_id`,`follow_name`,`follow_pic`,`createdAt`,`updatedAt`) VALUES (DEFAULT,?,?,?,?,?,?);
Executing (default): SELECT `id`, `user_name`, `password`, `is_admin`, `img`, `is_active`, `name`, `city`, `sex` FROM `sc_Users` AS `sc_User` WHERE `sc_User`.`id` = '1';
Executing (default): SELECT `id`, `user_id`, `follow_id`, `follow_name`, `follow_pic`, `createdAt`, `updatedAt` FROM `sc_follows` AS `sc_follow` WHERE `sc_follow`.`user_id` = '1';
Executing (default): SELECT `id`, `user_id`, `follow_id`, `follow_name`, `follow_pic`, `createdAt`, `updatedAt` FROM `sc_follows` AS `sc_follow` WHERE `sc_follow`.`user_id` = 1;
Executing (default): SELECT `id`, `user_id`, `follow_id`, `follow_name`, `follow_pic`, `createdAt`, `updatedAt` FROM `sc_follows` AS `sc_follow` WHERE `sc_follow`.`follow_id` = 1;
Executing (default): SELECT `id`, `user_name`, `password`, `is_admin`, `img`, `is_active`, `name`, `city`, `sex` FROM `sc_Users` AS `sc_User` WHERE `sc_User`.`user_name` = '4141';
Executing (default): INSERT INTO `sc_Users` (`id`,`user_name`,`password`,`is_admin`,`img`,`is_active`,`name`,`city`,`sex`,`createdAt`,`updatedAt`) VALUES (DEFAULT,?,?,?,?,?,?,?,?,?,?);
Executing (default): SELECT `id`, `user_name`, `password`, `is_admin`, `img`, `is_active`, `name`, `city`, `sex` FROM `sc_Users` AS `sc_User` WHERE `sc_User`.`user_name` = '4141';
Executing (default): SELECT `id`, `user_name`, `password`, `is_admin`, `img`, `is_active`, `name`, `city`, `sex` FROM `sc_Users` AS `sc_User` WHERE `sc_User`.`user_name` = '4141';
Executing (default): SELECT `id`, `user_id`, `follow_id`, `follow_name`, `follow_pic`, `createdAt`, `updatedAt` FROM `sc_follows` AS `sc_follow` WHERE `sc_follow`.`user_id` = 1;
Executing (default): SELECT `id`, `user_name`, `password`, `is_admin`, `img`, `is_active`, `name`, `city`, `sex` FROM `sc_Users` AS `sc_User` WHERE `sc_User`.`user_name` = '4141';
Executing (default): SELECT `id`, `user_name`, `password`, `is_admin`, `img`, `is_active`, `name`, `city`, `sex` FROM `sc_Users` AS `sc_User` WHERE `sc_User`.`user_name` = '4141';
Executing (default): SELECT `id`, `user_name`, `password`, `is_admin`, `img`, `is_active`, `name`, `city`, `sex` FROM `sc_Users` AS `sc_User` WHERE `sc_User`.`user_name` = '4141';
Executing (default): SELECT `id`, `user_name`, `password`, `is_admin`, `img`, `is_active`, `name`, `city`, `sex` FROM `sc_Users` AS `sc_User` WHERE `sc_User`.`user_name` = '4141';
Executing (default): SELECT `id`, `user_id`, `follow_id`, `follow_name`, `follow_pic`, `createdAt`, `updatedAt` FROM `sc_follows` AS `sc_follow` WHERE `sc_follow`.`user_id` = 11;
Executing (default): SELECT `id`, `user_name`, `password`, `is_admin`, `img`, `is_active`, `name`, `city`, `sex` FROM `sc_Users` AS `sc_User` WHERE `sc_User`.`id` = 1;
Executing (default): INSERT INTO `sc_follows` (`id`,`user_id`,`follow_id`,`follow_name`,`follow_pic`,`createdAt`,`updatedAt`) VALUES (DEFAULT,?,?,?,?,?,?);
Executing (default): SELECT `id`, `user_name`, `password`, `is_admin`, `img`, `is_active`, `name`, `city`, `sex` FROM `sc_Users` AS `sc_User` WHERE `sc_User`.`user_name` = 'cos';
Executing (default): SELECT `id`, `user_name`, `password`, `is_admin`, `img`, `is_active`, `name`, `city`, `sex` FROM `sc_Users` AS `sc_User` WHERE `sc_User`.`user_name` = 'cos';
Executing (default): SELECT `id`, `user_id`, `follow_id`, `follow_name`, `follow_pic`, `createdAt`, `updatedAt` FROM `sc_follows` AS `sc_follow` WHERE `sc_follow`.`user_id` = 2;
Executing (default): SELECT `id`, `user_name`, `password`, `is_admin`, `img`, `is_active`, `name`, `city`, `sex` FROM `sc_Users` AS `sc_User` WHERE `sc_User`.`id` = 1;
Executing (default): INSERT INTO `sc_follows` (`id`,`user_id`,`follow_id`,`follow_name`,`follow_pic`,`createdAt`,`updatedAt`) VALUES (DEFAULT,?,?,?,?,?,?);
Executing (default): SELECT `id`, `user_name`, `password`, `is_admin`, `img`, `is_active`, `name`, `city`, `sex` FROM `sc_Users` AS `sc_User` WHERE `sc_User`.`id` = '1';
Executing (default): SELECT `id`, `user_id`, `follow_id`, `follow_name`, `follow_pic`, `createdAt`, `updatedAt` FROM `sc_follows` AS `sc_follow` WHERE `sc_follow`.`user_id` = '1';
Executing (default): SELECT `id`, `user_id`, `follow_id`, `follow_name`, `follow_pic`, `createdAt`, `updatedAt` FROM `sc_follows` AS `sc_follow` WHERE `sc_follow`.`user_id` = 2;
Executing (default): SELECT `id`, `user_id`, `follow_id`, `follow_name`, `follow_pic`, `createdAt`, `updatedAt` FROM `sc_follows` AS `sc_follow` WHERE `sc_follow`.`follow_id` = 2;
Executing (default): SELECT `id`, `user_name`, `password`, `is_admin`, `img`, `is_active`, `name`, `city`, `sex` FROM `sc_Users` AS `sc_User` WHERE `sc_User`.`user_name` = '4141';
Executing (default): SELECT `id`, `user_name`, `password`, `is_admin`, `img`, `is_active`, `name`, `city`, `sex` FROM `sc_Users` AS `sc_User` WHERE `sc_User`.`user_name` = '4141';
Executing (default): SELECT `id`, `user_id`, `follow_id`, `follow_name`, `follow_pic`, `createdAt`, `updatedAt` FROM `sc_follows` AS `sc_follow` WHERE `sc_follow`.`user_id` = 11;
Executing (default): SELECT `id`, `user_name`, `password`, `is_admin`, `img`, `is_active`, `name`, `city`, `sex` FROM `sc_Users` AS `sc_User` WHERE `sc_User`.`id` = '1';
Executing (default): SELECT `id`, `user_id`, `follow_id`, `follow_name`, `follow_pic`, `createdAt`, `updatedAt` FROM `sc_follows` AS `sc_follow` WHERE `sc_follow`.`user_id` = '1';
Executing (default): SELECT `id`, `user_id`, `follow_id`, `follow_name`, `follow_pic`, `createdAt`, `updatedAt` FROM `sc_follows` AS `sc_follow` WHERE `sc_follow`.`user_id` = 11;
Executing (default): SELECT `id`, `user_id`, `follow_id`, `follow_name`, `follow_pic`, `createdAt`, `updatedAt` FROM `sc_follows` AS `sc_follow` WHERE `sc_follow`.`follow_id` = 11;
Executing (default): SELECT `id`, `user_name`, `password`, `is_admin`, `img`, `is_active`, `name`, `city`, `sex` FROM `sc_Users` AS `sc_User` WHERE `sc_User`.`id` = '1';
Executing (default): SELECT `id`, `user_id`, `follow_id`, `follow_name`, `follow_pic`, `createdAt`, `updatedAt` FROM `sc_follows` AS `sc_follow` WHERE `sc_follow`.`user_id` = '1';
Executing (default): SELECT `id`, `user_id`, `follow_id`, `follow_name`, `follow_pic`, `createdAt`, `updatedAt` FROM `sc_follows` AS `sc_follow` WHERE `sc_follow`.`user_id` = 11;
Executing (default): SELECT `id`, `user_id`, `follow_id`, `follow_name`, `follow_pic`, `createdAt`, `updatedAt` FROM `sc_follows` AS `sc_follow` WHERE `sc_follow`.`follow_id` = 11;
Executing (default): SELECT `id`, `user_name`, `password`, `is_admin`, `img`, `is_active`, `name`, `city`, `sex` FROM `sc_Users` AS `sc_User` WHERE `sc_User`.`id` = '2';
Executing (default): SELECT `id`, `user_id`, `follow_id`, `follow_name`, `follow_pic`, `createdAt`, `updatedAt` FROM `sc_follows` AS `sc_follow` WHERE `sc_follow`.`user_id` = '2';
Executing (default): SELECT `id`, `user_id`, `follow_id`, `follow_name`, `follow_pic`, `createdAt`, `updatedAt` FROM `sc_follows` AS `sc_follow` WHERE `sc_follow`.`user_id` = 11;
Executing (default): SELECT `id`, `user_id`, `follow_id`, `follow_name`, `follow_pic`, `createdAt`, `updatedAt` FROM `sc_follows` AS `sc_follow` WHERE `sc_follow`.`follow_id` = 11;
Executing (default): SELECT `id`, `user_name`, `password`, `is_admin`, `img`, `is_active`, `name`, `city`, `sex` FROM `sc_Users` AS `sc_User` WHERE `sc_User`.`id` = '1';
Executing (default): SELECT `id`, `user_id`, `follow_id`, `follow_name`, `follow_pic`, `createdAt`, `updatedAt` FROM `sc_follows` AS `sc_follow` WHERE `sc_follow`.`user_id` = '1';
Executing (default): SELECT `id`, `user_id`, `follow_id`, `follow_name`, `follow_pic`, `createdAt`, `updatedAt` FROM `sc_follows` AS `sc_follow` WHERE `sc_follow`.`user_id` = 11;
Executing (default): SELECT `id`, `user_id`, `follow_id`, `follow_name`, `follow_pic`, `createdAt`, `updatedAt` FROM `sc_follows` AS `sc_follow` WHERE `sc_follow`.`follow_id` = 11;
Executing (default): SELECT `id`, `user_name`, `password`, `is_admin`, `img`, `is_active`, `name`, `city`, `sex` FROM `sc_Users` AS `sc_User` WHERE `sc_User`.`user_name` = '4141';
Executing (default): SELECT `id`, `user_name`, `password`, `is_admin`, `img`, `is_active`, `name`, `city`, `sex` FROM `sc_Users` AS `sc_User` WHERE `sc_User`.`user_name` = '4141';
Executing (default): SELECT `id`, `user_id`, `follow_id`, `follow_name`, `follow_pic`, `createdAt`, `updatedAt` FROM `sc_follows` AS `sc_follow` WHERE `sc_follow`.`user_id` = 11;
Executing (default): DELETE FROM `sc_follows` WHERE `user_id` = 11 AND `follow_id` = 1
Executing (default): SELECT `id`, `user_id`, `follow_id`, `follow_name`, `follow_pic`, `createdAt`, `updatedAt` FROM `sc_follows` AS `sc_follow` WHERE `sc_follow`.`follow_id` = '1';
Executing (default): SELECT `id`, `user_name`, `password`, `is_admin`, `img`, `is_active`, `name`, `city`, `sex` FROM `sc_Users` AS `sc_User` WHERE `sc_User`.`id` = 1;
Executing (default): SELECT `id`, `user_name`, `password`, `is_admin`, `img`, `is_active`, `name`, `city`, `sex` FROM `sc_Users` AS `sc_User` WHERE `sc_User`.`id` = 2;
Executing (default): SELECT `id`, `user_name`, `password`, `is_admin`, `img`, `is_active`, `name`, `city`, `sex` FROM `sc_Users` AS `sc_User` WHERE `sc_User`.`id` = '1';
Executing (default): SELECT `id`, `user_id`, `follow_id`, `follow_name`, `follow_pic`, `createdAt`, `updatedAt` FROM `sc_follows` AS `sc_follow` WHERE `sc_follow`.`user_id` = '1';
Executing (default): SELECT `id`, `user_id`, `follow_id`, `follow_name`, `follow_pic`, `createdAt`, `updatedAt` FROM `sc_follows` AS `sc_follow` WHERE `sc_follow`.`user_id` = 11;
Executing (default): SELECT `id`, `user_id`, `follow_id`, `follow_name`, `follow_pic`, `createdAt`, `updatedAt` FROM `sc_follows` AS `sc_follow` WHERE `sc_follow`.`follow_id` = '1';
Executing (default): SELECT `id`, `user_name`, `password`, `is_admin`, `img`, `is_active`, `name`, `city`, `sex` FROM `sc_Users` AS `sc_User` WHERE `sc_User`.`id` = '1';
Executing (default): SELECT `id`, `user_id`, `follow_id`, `follow_name`, `follow_pic`, `createdAt`, `updatedAt` FROM `sc_follows` AS `sc_follow` WHERE `sc_follow`.`user_id` = '1';
Executing (default): SELECT `id`, `user_id`, `follow_id`, `follow_name`, `follow_pic`, `createdAt`, `updatedAt` FROM `sc_follows` AS `sc_follow` WHERE `sc_follow`.`user_id` = 11;
Executing (default): SELECT `id`, `user_id`, `follow_id`, `follow_name`, `follow_pic`, `createdAt`, `updatedAt` FROM `sc_follows` AS `sc_follow` WHERE `sc_follow`.`follow_id` = '1';
Executing (default): SELECT `id`, `user_name`, `password`, `is_admin`, `img`, `is_active`, `name`, `city`, `sex` FROM `sc_Users` AS `sc_User` WHERE `sc_User`.`id` = 1;
Executing (default): SELECT `id`, `user_name`, `password`, `is_admin`, `img`, `is_active`, `name`, `city`, `sex` FROM `sc_Users` AS `sc_User` WHERE `sc_User`.`id` = 2;
Executing (default): SELECT `id`, `user_name`, `password`, `is_admin`, `img`, `is_active`, `name`, `city`, `sex` FROM `sc_Users` AS `sc_User` WHERE `sc_User`.`id` = '1';
Executing (default): SELECT `id`, `user_id`, `follow_id`, `follow_name`, `follow_pic`, `createdAt`, `updatedAt` FROM `sc_follows` AS `sc_follow` WHERE `sc_follow`.`user_id` = '1';
Executing (default): SELECT `id`, `user_id`, `follow_id`, `follow_name`, `follow_pic`, `createdAt`, `updatedAt` FROM `sc_follows` AS `sc_follow` WHERE `sc_follow`.`user_id` = 11;
Executing (default): SELECT `id`, `user_id`, `follow_id`, `follow_name`, `follow_pic`, `createdAt`, `updatedAt` FROM `sc_follows` AS `sc_follow` WHERE `sc_follow`.`follow_id` = '1';
Executing (default): SELECT `id`, `user_name`, `password`, `is_admin`, `img`, `is_active`, `name`, `city`, `sex` FROM `sc_Users` AS `sc_User` WHERE `sc_User`.`id` = 1;
Executing (default): SELECT `id`, `user_name`, `password`, `is_admin`, `img`, `is_active`, `name`, `city`, `sex` FROM `sc_Users` AS `sc_User` WHERE `sc_User`.`id` = 2;
Executing (default): SELECT `id`, `user_name`, `password`, `is_admin`, `img`, `is_active`, `name`, `city`, `sex` FROM `sc_Users` AS `sc_User` WHERE `sc_User`.`id` = '1';
Executing (default): SELECT `id`, `user_id`, `follow_id`, `follow_name`, `follow_pic`, `createdAt`, `updatedAt` FROM `sc_follows` AS `sc_follow` WHERE `sc_follow`.`user_id` = '1';
Executing (default): SELECT `id`, `user_id`, `follow_id`, `follow_name`, `follow_pic`, `createdAt`, `updatedAt` FROM `sc_follows` AS `sc_follow` WHERE `sc_follow`.`user_id` = 11;
Executing (default): SELECT `id`, `user_id`, `follow_id`, `follow_name`, `follow_pic`, `createdAt`, `updatedAt` FROM `sc_follows` AS `sc_follow` WHERE `sc_follow`.`follow_id` = '1';
Executing (default): SELECT `id`, `user_name`, `password`, `is_admin`, `img`, `is_active`, `name`, `city`, `sex` FROM `sc_Users` AS `sc_User` WHERE `sc_User`.`id` = 1;
Executing (default): SELECT `id`, `user_name`, `password`, `is_admin`, `img`, `is_active`, `name`, `city`, `sex` FROM `sc_Users` AS `sc_User` WHERE `sc_User`.`id` = 2;
Executing (default): SELECT `id`, `user_name`, `password`, `is_admin`, `img`, `is_active`, `name`, `city`, `sex` FROM `sc_Users` AS `sc_User` WHERE `sc_User`.`id` = '1';
Executing (default): SELECT `id`, `user_id`, `follow_id`, `follow_name`, `follow_pic`, `createdAt`, `updatedAt` FROM `sc_follows` AS `sc_follow` WHERE `sc_follow`.`user_id` = '1';
Executing (default): SELECT `id`, `user_id`, `follow_id`, `follow_name`, `follow_pic`, `createdAt`, `updatedAt` FROM `sc_follows` AS `sc_follow` WHERE `sc_follow`.`user_id` = 11;
Executing (default): SELECT `id`, `user_id`, `follow_id`, `follow_name`, `follow_pic`, `createdAt`, `updatedAt` FROM `sc_follows` AS `sc_follow` WHERE `sc_follow`.`follow_id` = '1';
Executing (default): SELECT `id`, `user_name`, `password`, `is_admin`, `img`, `is_active`, `name`, `city`, `sex` FROM `sc_Users` AS `sc_User` WHERE `sc_User`.`id` = 1;
Executing (default): SELECT `id`, `user_name`, `password`, `is_admin`, `img`, `is_active`, `name`, `city`, `sex` FROM `sc_Users` AS `sc_User` WHERE `sc_User`.`id` = 2;
Executing (default): SELECT `id`, `user_name`, `password`, `is_admin`, `img`, `is_active`, `name`, `city`, `sex` FROM `sc_Users` AS `sc_User` WHERE `sc_User`.`id` = '1';
Executing (default): SELECT `id`, `user_id`, `follow_id`, `follow_name`, `follow_pic`, `createdAt`, `updatedAt` FROM `sc_follows` AS `sc_follow` WHERE `sc_follow`.`user_id` = '1';
Executing (default): SELECT `id`, `user_id`, `follow_id`, `follow_name`, `follow_pic`, `createdAt`, `updatedAt` FROM `sc_follows` AS `sc_follow` WHERE `sc_follow`.`user_id` = 11;
Executing (default): SELECT `id`, `user_id`, `follow_id`, `follow_name`, `follow_pic`, `createdAt`, `updatedAt` FROM `sc_follows` AS `sc_follow` WHERE `sc_follow`.`follow_id` = '1';
Executing (default): SELECT `id`, `user_name`, `password`, `is_admin`, `img`, `is_active`, `name`, `city`, `sex` FROM `sc_Users` AS `sc_User` WHERE `sc_User`.`id` = 1;
Executing (default): SELECT `id`, `user_name`, `password`, `is_admin`, `img`, `is_active`, `name`, `city`, `sex` FROM `sc_Users` AS `sc_User` WHERE `sc_User`.`id` = 2;
Executing (default): SELECT `id`, `user_name`, `password`, `is_admin`, `img`, `is_active`, `name`, `city`, `sex` FROM `sc_Users` AS `sc_User` WHERE `sc_User`.`id` = '1';
Executing (default): SELECT `id`, `user_id`, `follow_id`, `follow_name`, `follow_pic`, `createdAt`, `updatedAt` FROM `sc_follows` AS `sc_follow` WHERE `sc_follow`.`user_id` = '1';
Executing (default): SELECT `id`, `user_id`, `follow_id`, `follow_name`, `follow_pic`, `createdAt`, `updatedAt` FROM `sc_follows` AS `sc_follow` WHERE `sc_follow`.`user_id` = 11;
Executing (default): SELECT `id`, `user_id`, `follow_id`, `follow_name`, `follow_pic`, `createdAt`, `updatedAt` FROM `sc_follows` AS `sc_follow` WHERE `sc_follow`.`follow_id` = '1';
Executing (default): SELECT `id`, `user_name`, `password`, `is_admin`, `img`, `is_active`, `name`, `city`, `sex` FROM `sc_Users` AS `sc_User` WHERE `sc_User`.`id` = 1;
Executing (default): SELECT `id`, `user_name`, `password`, `is_admin`, `img`, `is_active`, `name`, `city`, `sex` FROM `sc_Users` AS `sc_User` WHERE `sc_User`.`id` = 2;
Executing (default): SELECT `id`, `user_name`, `password`, `is_admin`, `img`, `is_active`, `name`, `city`, `sex`, `createdAt`, `updatedAt` FROM `sc_Users` AS `sc_User` LIMIT 0, 5;
Executing (default): SELECT count(*) AS `count` FROM `sc_Users` AS `sc_User` WHERE `sc_User`.`is_active` = 1;
Executing (default): SELECT count(*) AS `count` FROM `sc_Users` AS `sc_User` WHERE `sc_User`.`is_active` = 0;
Executing (default): SELECT `id`, `user_name`, `password`, `is_admin`, `img`, `is_active`, `name`, `city`, `sex`, `createdAt`, `updatedAt` FROM `sc_Users` AS `sc_User` LIMIT 0, 5;
Executing (default): SELECT count(*) AS `count` FROM `sc_Users` AS `sc_User` WHERE `sc_User`.`is_active` = 1;
Executing (default): SELECT count(*) AS `count` FROM `sc_Users` AS `sc_User` WHERE `sc_User`.`is_active` = 0;
Executing (default): SELECT `id`, `user_name`, `password`, `is_admin`, `img`, `is_active`, `name`, `city`, `sex`, `createdAt`, `updatedAt` FROM `sc_Users` AS `sc_User` LIMIT 0, 5;
Executing (default): SELECT count(*) AS `count` FROM `sc_Users` AS `sc_User` WHERE `sc_User`.`is_active` = 1;
Executing (default): SELECT count(*) AS `count` FROM `sc_Users` AS `sc_User` WHERE `sc_User`.`is_active` = 0;
Executing (default): SELECT `id`, `user_name`, `password`, `is_admin`, `img`, `is_active`, `name`, `city`, `sex`, `createdAt`, `updatedAt` FROM `sc_Users` AS `sc_User` LIMIT 0, 5;
Executing (default): SELECT count(*) AS `count` FROM `sc_Users` AS `sc_User` WHERE `sc_User`.`is_active` = 1;
Executing (default): SELECT count(*) AS `count` FROM `sc_Users` AS `sc_User` WHERE `sc_User`.`is_active` = 0;
Executing (default): SELECT `id`, `user_name`, `password`, `is_admin`, `img`, `is_active`, `name`, `city`, `sex`, `createdAt`, `updatedAt` FROM `sc_Users` AS `sc_User` LIMIT 0, 5;
Executing (default): SELECT count(*) AS `count` FROM `sc_Users` AS `sc_User` WHERE `sc_User`.`is_active` = 1;
Executing (default): SELECT count(*) AS `count` FROM `sc_Users` AS `sc_User` WHERE `sc_User`.`is_active` = 0;
Executing (default): SELECT `id`, `user_name`, `password`, `is_admin`, `img`, `is_active`, `name`, `city`, `sex`, `createdAt`, `updatedAt` FROM `sc_Users` AS `sc_User` LIMIT 0, 5;
Executing (default): SELECT count(*) AS `count` FROM `sc_Users` AS `sc_User` WHERE `sc_User`.`is_active` = 1;
Executing (default): SELECT count(*) AS `count` FROM `sc_Users` AS `sc_User` WHERE `sc_User`.`is_active` = 0;
Executing (default): SELECT `id`, `user_name`, `password`, `is_admin`, `img`, `is_active`, `name`, `city`, `sex`, `createdAt`, `updatedAt` FROM `sc_Users` AS `sc_User` LIMIT 0, 5;
Executing (default): SELECT count(*) AS `count` FROM `sc_Users` AS `sc_User` WHERE `sc_User`.`is_active` = 1;
Executing (default): SELECT count(*) AS `count` FROM `sc_Users` AS `sc_User` WHERE `sc_User`.`is_active` = 0;